<?xml version="1.0" encoding="UTF-8"?>
<!-- Generated by org.testng.reporters.JUnitXMLReporter -->
<testsuite ignored="0" hostname="Ghost-S1" failures="1" tests="1" name="Android" time="19.355" errors="0" timestamp="2022-03-18T22:07:23 EDT">
  <testcase classname="tests.GoogleMapsTest" name="openMaps" time="10.04">
    <failure type="org.openqa.selenium.NoSuchElementException" message="An element could not be located on the page using the given search parameters.
For documentation on this error, please visit: https://www.seleniumhq.org/exceptions/no_such_element.html
Build info: version: &amp;apos;3.141.59&amp;apos;, revision: &amp;apos;e82be7d358&amp;apos;, time: &amp;apos;2018-11-14T08:17:03&amp;apos;
System info: host: &amp;apos;GHOST-S1&amp;apos;, ip: &amp;apos;192.168.0.55&amp;apos;, os.name: &amp;apos;Windows 11&amp;apos;, os.arch: &amp;apos;amd64&amp;apos;, os.version: &amp;apos;10.0&amp;apos;, java.version: &amp;apos;17.0.2&amp;apos;
Driver info: io.appium.java_client.android.AndroidDriver
Capabilities {databaseEnabled: false, desired: {platformName: android}, deviceApiLevel: 31, deviceManufacturer: Google, deviceModel: Pixel 3, deviceName: 8CJX1PPTK, deviceScreenDensity: 440, deviceScreenSize: 1080x2160, deviceUDID: 8CJX1PPTK, javascriptEnabled: true, locationContextEnabled: false, networkConnectionEnabled: true, pixelRatio: 2.75, platform: LINUX, platformName: Android, platformVersion: 12, statBarHeight: 77, takesScreenshot: true, viewportRect: {height: 1951, left: 0, top: 77, width: 1080}, warnings: {}, webStorageEnabled: false}
Session ID: db741857-4d17-4dbb-a819-d887fa829de9
*** Element info: {Using=xpath, value=//android.widget.EditText[@content-desc=&amp;quot;Search here&amp;quot;]/android.widget.TextView}">
      <![CDATA[org.openqa.selenium.NoSuchElementException: An element could not be located on the page using the given search parameters.
For documentation on this error, please visit: https://www.seleniumhq.org/exceptions/no_such_element.html
Build info: version: '3.141.59', revision: 'e82be7d358', time: '2018-11-14T08:17:03'
System info: host: 'GHOST-S1', ip: '192.168.0.55', os.name: 'Windows 11', os.arch: 'amd64', os.version: '10.0', java.version: '17.0.2'
Driver info: io.appium.java_client.android.AndroidDriver
Capabilities {databaseEnabled: false, desired: {platformName: android}, deviceApiLevel: 31, deviceManufacturer: Google, deviceModel: Pixel 3, deviceName: 8CJX1PPTK, deviceScreenDensity: 440, deviceScreenSize: 1080x2160, deviceUDID: 8CJX1PPTK, javascriptEnabled: true, locationContextEnabled: false, networkConnectionEnabled: true, pixelRatio: 2.75, platform: LINUX, platformName: Android, platformVersion: 12, statBarHeight: 77, takesScreenshot: true, viewportRect: {height: 1951, left: 0, top: 77, width: 1080}, warnings: {}, webStorageEnabled: false}
Session ID: db741857-4d17-4dbb-a819-d887fa829de9
*** Element info: {Using=xpath, value=//android.widget.EditText[@content-desc="Search here"]/android.widget.TextView}
at org.openqa.selenium.remote.http.W3CHttpResponseCodec.createException(W3CHttpResponseCodec.java:187)
at org.openqa.selenium.remote.http.W3CHttpResponseCodec.decode(W3CHttpResponseCodec.java:122)
at org.openqa.selenium.remote.http.W3CHttpResponseCodec.decode(W3CHttpResponseCodec.java:49)
at org.openqa.selenium.remote.HttpCommandExecutor.execute(HttpCommandExecutor.java:158)
at io.appium.java_client.remote.AppiumCommandExecutor.execute(AppiumCommandExecutor.java:247)
at org.openqa.selenium.remote.RemoteWebDriver.execute(RemoteWebDriver.java:552)
at io.appium.java_client.DefaultGenericMobileDriver.execute(DefaultGenericMobileDriver.java:41)
at io.appium.java_client.AppiumDriver.execute(AppiumDriver.java:1)
at io.appium.java_client.android.AndroidDriver.execute(AndroidDriver.java:1)
at org.openqa.selenium.remote.RemoteWebDriver.findElement(RemoteWebDriver.java:323)
at io.appium.java_client.DefaultGenericMobileDriver.findElement(DefaultGenericMobileDriver.java:61)
at io.appium.java_client.AppiumDriver.findElement(AppiumDriver.java:1)
at io.appium.java_client.android.AndroidDriver.findElement(AndroidDriver.java:1)
at org.openqa.selenium.remote.RemoteWebDriver.findElementByXPath(RemoteWebDriver.java:428)
at io.appium.java_client.DefaultGenericMobileDriver.findElementByXPath(DefaultGenericMobileDriver.java:151)
at io.appium.java_client.AppiumDriver.findElementByXPath(AppiumDriver.java:1)
at io.appium.java_client.android.AndroidDriver.findElementByXPath(AndroidDriver.java:1)
at org.openqa.selenium.By$ByXPath.findElement(By.java:353)
at org.openqa.selenium.remote.RemoteWebDriver.findElement(RemoteWebDriver.java:315)
at io.appium.java_client.DefaultGenericMobileDriver.findElement(DefaultGenericMobileDriver.java:57)
at io.appium.java_client.AppiumDriver.findElement(AppiumDriver.java:1)
at io.appium.java_client.android.AndroidDriver.findElement(AndroidDriver.java:1)
at base.BaseUtils.getText(BaseUtils.java:160)
at pages.GoogleMaps.searchBoxButton(GoogleMaps.java:12)
at tests.GoogleMapsTest.openMaps(GoogleMapsTest.java:14)
at java.base/java.util.ArrayList.forEach(ArrayList.java:1511)
... Removed 32 stack frames]]>
    </failure>
  </testcase> <!-- openMaps -->
</testsuite> <!-- Android -->
